Determining if the pthread_create exist failed with the following output:
Change Dir: /home/sclab_robot/turtlebot_ws/rocon/build/CMakeFiles/CMakeTmp

Run Build Command:"/usr/bin/make" "cmTC_dbe70/fast"
/usr/bin/make -f CMakeFiles/cmTC_dbe70.dir/build.make CMakeFiles/cmTC_dbe70.dir/build
make[1]: Entering directory '/home/sclab_robot/turtlebot_ws/rocon/build/CMakeFiles/CMakeTmp'
Building C object CMakeFiles/cmTC_dbe70.dir/CheckSymbolExists.c.o
/usr/bin/cc     -o CMakeFiles/cmTC_dbe70.dir/CheckSymbolExists.c.o   -c /home/sclab_robot/turtlebot_ws/rocon/build/CMakeFiles/CMakeTmp/CheckSymbolExists.c
Linking C executable cmTC_dbe70
/usr/bin/cmake -E cmake_link_script CMakeFiles/cmTC_dbe70.dir/link.txt --verbose=1
/usr/bin/cc       CMakeFiles/cmTC_dbe70.dir/CheckSymbolExists.c.o  -o cmTC_dbe70 -rdynamic 
CMakeFiles/cmTC_dbe70.dir/CheckSymbolExists.c.o: In function `main':
CheckSymbolExists.c:(.text+0x16): undefined reference to `pthread_create'
collect2: error: ld returned 1 exit status
CMakeFiles/cmTC_dbe70.dir/build.make:97: recipe for target 'cmTC_dbe70' failed
make[1]: *** [cmTC_dbe70] Error 1
make[1]: Leaving directory '/home/sclab_robot/turtlebot_ws/rocon/build/CMakeFiles/CMakeTmp'
Makefile:126: recipe for target 'cmTC_dbe70/fast' failed
make: *** [cmTC_dbe70/fast] Error 2

File /home/sclab_robot/turtlebot_ws/rocon/build/CMakeFiles/CMakeTmp/CheckSymbolExists.c:
/* */
#include <pthread.h>

int main(int argc, char** argv)
{
  (void)argv;
#ifndef pthread_create
  return ((int*)(&pthread_create))[argc];
#else
  (void)argc;
  return 0;
#endif
}

Determining if the function pthread_create exists in the pthreads failed with the following output:
Change Dir: /home/sclab_robot/turtlebot_ws/rocon/build/CMakeFiles/CMakeTmp

Run Build Command:"/usr/bin/make" "cmTC_23664/fast"
/usr/bin/make -f CMakeFiles/cmTC_23664.dir/build.make CMakeFiles/cmTC_23664.dir/build
make[1]: Entering directory '/home/sclab_robot/turtlebot_ws/rocon/build/CMakeFiles/CMakeTmp'
Building C object CMakeFiles/cmTC_23664.dir/CheckFunctionExists.c.o
/usr/bin/cc    -DCHECK_FUNCTION_EXISTS=pthread_create   -o CMakeFiles/cmTC_23664.dir/CheckFunctionExists.c.o   -c /usr/share/cmake-3.5/Modules/CheckFunctionExists.c
Linking C executable cmTC_23664
/usr/bin/cmake -E cmake_link_script CMakeFiles/cmTC_23664.dir/link.txt --verbose=1
/usr/bin/cc   -DCHECK_FUNCTION_EXISTS=pthread_create    CMakeFiles/cmTC_23664.dir/CheckFunctionExists.c.o  -o cmTC_23664 -rdynamic -lpthreads 
/usr/bin/ld: cannot find -lpthreads
collect2: error: ld returned 1 exit status
CMakeFiles/cmTC_23664.dir/build.make:97: recipe for target 'cmTC_23664' failed
make[1]: *** [cmTC_23664] Error 1
make[1]: Leaving directory '/home/sclab_robot/turtlebot_ws/rocon/build/CMakeFiles/CMakeTmp'
Makefile:126: recipe for target 'cmTC_23664/fast' failed
make: *** [cmTC_23664/fast] Error 2


